NW_013171825.1
NW_013171835.1
NW_013171836.1
NW_013171839.1
NW_013171841.1
NW_013171845.1
NW_013171847.1
NW_013171855.1
NW_013171858.1
NW_013171859.1
NW_013171861.1
NW_014569399.1
NW_014569326.1
NW_014569317.1
NW_014569220.1
NW_014569217.1
NW_014569208.1
NW_014569195.1
NW_014569177.1
NW_014569134.1
NW_014569132.1
NW_014569127.1
NW_014569106.1
NW_014569100.1
NW_014569098.1
NW_014569088.1
NW_014569075.1
NW_014569026.1
NW_014569016.1
NW_014569007.1
NW_014569004.1
NW_014568993.1
NW_014568989.1
NW_014568964.1
NW_014568950.1
NW_014568937.1
NW_014568891.1
NW_014568878.1
NW_014568857.1
NW_014568842.1
NW_014568841.1
NW_014568808.1
NW_014568779.1
NW_014568760.1
NW_014568725.1
NW_014568722.1
NW_014568562.1
NW_014568505.1
NW_014568502.1
NW_014568501.1
NW_014568475.1
NW_014568467.1
NW_014568465.1
NW_014568414.1
NW_014568412.1
NW_014568407.1
NW_014568369.1
NW_014568367.1
NW_014568336.1
NW_014568335.1
NW_014568334.1
NW_014568327.1
NW_014568278.1
NW_014568263.1
1032154634
1032154617
1032154540
1032154514
1032154441
1032154179
1032154148
1032154129
1032154037
1032153940
1032153910
1032153527
1032153443
1032153408
1032153396
1032153057
1032153035
1032152889
1032152870
1032152820
1032152811
1032152799
1032152729
1032152602
1032152417
1032152379
1032152357
1032152288
1032152238
1032152172
1032152076
1032152070
1032152049
1032152042
1032152029
1032151887
1032151877
1032151804
1032151682
1032151659
1032151648
1032151558
1032151500
1032151481
1032151430
1032151425
1032151342
1032151229
1032151223
1032151079
1032151065
1032151003
1032150996
1032150990
1032150987
1032150916
1032150896
1032150882
1032150728
1032150688
1032150464
1032150445
1032150232
1032150220
1032150187
1032150181
1032150122
1032150102
1032150003
1032149905
1032149790
1032149729
1032149700
1032149480
1032149445
1032149442
1032149359
1032149235
1032149190
1032149040
1032148959
1032148899
1032148894
1032148783
1032148744
1032148689
1032148686
1032148681
1032148623
1032148546
1032148524
1032148489
1032148396
1032148293
1032147848
1032147795
1032147442
1032147353
783401699
783401632
783401542
783401537
783401529
783401460
783401381
783401358
783401318
783401287
783401277
783401274
783401211
783401207
783401174
783401170
783401037
783401002
783400992
783400929
783400859
783400793
783400768
783400723
783400692
783400660
783400635
783400629
783400612
783400592
783400546
783400532
783400431
783400401
783400353
783400323
783400207
783400123
783400017
783399998
783399926
783399893
783399868
783399767
783399732
783399617
783399594
783399560
783399514
783399448
783399443
783399422
783399412
783399387
783399377
783399317
783399147
783399142
783399137
783399090
783399070
783399010
783398979
783398974
783398934
783398924
783398867
783398862
783398831
783398826
783398796
783398745
783398740
783398698
783398683
783398678
783398670
783398611
783398426
783398353
783398275
783398260
783398212
783398202
783398187
783398133
783398073
783398054
783398029
783398010
783397935
783397926
783397873
783397847
783397831
783397800
783397765
783397716
783397694
783397663
783397628
783397603
783397571
783397489
783397423
783397367
783397326
783397316
783397292
783397278
783397215
783397129
783397124
783397034
783396971
783401526
783401491
783401471
783401382
783401309
783401299
783401279
783401245
783401195
783401183
783400645
783400626
783400604
783400589
783400543
783400485
783400417
783400412
783400398
783400315
783400259
783400249
783400186
783400144
783400079
783400054
783400002
783399981
783399899
783399884
783399819
783399748
783399634
783399587
783399510
783399335
783399145
783399069
783399064
783399044
783399038
783399013
783398922
783398892
783398887
783398861
783398820
783398785
783398746
783398721
783398717
783398684
783398551
783398510
783398490
783398468
783398389
783398379
783398347
783398173
783398168
783398144
783398139
783398089
783398023
783397967
783397947
783397927
783397825
783397805
783397719
783397690
783397665
783397660
783397646
783397641
783397636
783397568
783397558
783397415
783397381
783397342
783397314
783397248
783397243
783397120
783397115
783397085
783397052
783397023
783397019
783396960
783396909
783396894
783396884
783400998
783400769
783400537
783400496
783400448
783400236
783400160
783399910
783399600
783399410
783399400
783399385
783399380
783398991
783398975
783398930
783398850
783398817
783398812
783398695
783398552
783398527
783398435
783398365
783398349
783398191
783398142
783398131
783398042
783397929
783397833
783397794
783397676
783397661
783397447
783397442
783397289
783397275
783396886
783405738
783405713
783405702
783405672
783405657
783405645
783405641
783405617
783405606
783405601
783405576
783405572
783405517
783405498
783405468
783405348
783405333
783405246
783405218
783405213
783405187
783405162
783405142
783405116
783405111
783405043
783404978
783404938
783404915
783404887
783404786
783404781
783404734
783404704
783404666
783404651
783404597
783404572
783404532
783404528
783404491
783404382
783404323
783404292
783404269
783404136
783404086
783404042
783403993
783403959
783403827
783403823
783403794
783403749
783403719
783403704
783403699
783403693
783403656
783403646
783403615
783403576
783403557
783403553
783403549
783403545
783403528
783403427
783403379
783403296
783403219
783403167
783403162
783403096
783403030
783402994
783402846
783402831
783402826
783402790
783402776
783402771
783402766
783402699
783402633
783402609
783402590
783402540
783402501
783402413
783402403
783402393
783402364
783402280
783402087
783402067
783402017
783402001
783401921
783401891
783401878
783401723
783401686
783401651
783401643
783401557
783401541
783401285
783406286
783406272
783406233
783406052
783405892
783405541
783405228
783405207
783405035
783404771
783404741
783404726
783404474
783404433
783404400
783404149
783404067
783403797
783403609
783403550
783403360
783403325
783403049
783403021
783402977
783402857
783402626
783402527
783402523
783402513
783402367
783402281
783402207
783402174
783401946
783401908
783401793
783401767
783401631
783406130
783406100
783406092
783405960
783405925
783405735
783405659
783405553
783405486
783405404
783405359
783405257
783405209
783405102
783405072
783405067
783404841
783404674
783404659
783404525
783404354
783404191
783404147
783404113
783404051
783404012
783403383
783403324
783403290
783403274
783403223
783403218
783402920
783402910
783402890
783402843
783402778
783402662
783402616
783402596
783402495
783402462
783402409
783402394
783402376
783402299
783402245
783402194
783402170
783402139
783402069
783401988
783401957
783401863
783401796
